<?xml version="1.0" encoding="UTF-8"?>
<coverage generated="1663678438345" clover="3.2.0">
  <project timestamp="1663678438345" name="All files">
    <metrics statements="16" coveredstatements="16" conditionals="14" coveredconditionals="14" methods="4" coveredmethods="4" elements="34" coveredelements="34" complexity="0" loc="16" ncloc="16" packages="1" files="2" classes="2"/>
    <file name="factorielle.js" path="/home/yanis/M2/QL/testjest/factorielle.js">
      <metrics statements="4" coveredstatements="4" conditionals="4" coveredconditionals="4" methods="1" coveredmethods="1"/>
      <line num="2" count="30" type="cond" truecount="4" falsecount="0"/>
      <line num="3" count="9" type="stmt"/>
      <line num="5" count="21" type="stmt"/>
      <line num="8" count="2" type="stmt"/>
    </file>
    <file name="stringcheck.js" path="/home/yanis/M2/QL/testjest/stringcheck.js">
      <metrics statements="12" coveredstatements="12" conditionals="10" coveredconditionals="10" methods="3" coveredmethods="3"/>
      <line num="2" count="33" type="stmt"/>
      <line num="3" count="33" type="stmt"/>
      <line num="7" count="15" type="cond" truecount="2" falsecount="0"/>
      <line num="8" count="14" type="stmt"/>
      <line num="9" count="14" type="stmt"/>
      <line num="11" count="1" type="stmt"/>
      <line num="15" count="10" type="cond" truecount="4" falsecount="0"/>
      <line num="16" count="8" type="stmt"/>
      <line num="17" count="8" type="cond" truecount="4" falsecount="0"/>
      <line num="18" count="4" type="stmt"/>
      <line num="21" count="6" type="stmt"/>
      <line num="23" count="2" type="stmt"/>
    </file>
  </project>
</coverage>
