{"/home/yanis/M2/QL/testjest/factorielle.js": {"path":"/home/yanis/M2/QL/testjest/factorielle.js","statementMap":{"0":{"start":{"line":2,"column":4},"end":{"line":6,"column":5}},"1":{"start":{"line":3,"column":4},"end":{"line":3,"column":13}},"2":{"start":{"line":5,"column":4},"end":{"line":5,"column":32}},"3":{"start":{"line":8,"column":0},"end":{"line":8,"column":29}}},"fnMap":{"0":{"name":"factorielle","decl":{"start":{"line":1,"column":9},"end":{"line":1,"column":20}},"loc":{"start":{"line":1,"column":24},"end":{"line":7,"column":1}},"line":1}},"branchMap":{"0":{"loc":{"start":{"line":2,"column":4},"end":{"line":6,"column":5}},"type":"if","locations":[{"start":{"line":2,"column":4},"end":{"line":6,"column":5}},{"start":{"line":4,"column":11},"end":{"line":6,"column":5}}],"line":2},"1":{"loc":{"start":{"line":2,"column":8},"end":{"line":2,"column":28}},"type":"binary-expr","locations":[{"start":{"line":2,"column":9},"end":{"line":2,"column":15}},{"start":{"line":2,"column":21},"end":{"line":2,"column":27}}],"line":2}},"s":{"0":30,"1":9,"2":21,"3":2},"f":{"0":30},"b":{"0":[9,21],"1":[30,30]},"_coverageSchema":"1a1c01bbd47fc00a2c39e90264f33305004495a9","hash":"84facf32f678c439539927459fca2080edfa5742"}
,"/home/yanis/M2/QL/testjest/stringcheck.js": {"path":"/home/yanis/M2/QL/testjest/stringcheck.js","statementMap":{"0":{"start":{"line":2,"column":17},"end":{"line":2,"column":27}},"1":{"start":{"line":3,"column":4},"end":{"line":3,"column":30}},"2":{"start":{"line":7,"column":4},"end":{"line":10,"column":5}},"3":{"start":{"line":8,"column":16},"end":{"line":8,"column":29}},"4":{"start":{"line":9,"column":8},"end":{"line":9,"column":35}},"5":{"start":{"line":11,"column":4},"end":{"line":11,"column":17}},"6":{"start":{"line":15,"column":4},"end":{"line":20,"column":5}},"7":{"start":{"line":16,"column":16},"end":{"line":16,"column":29}},"8":{"start":{"line":17,"column":8},"end":{"line":19,"column":9}},"9":{"start":{"line":18,"column":12},"end":{"line":18,"column":24}},"10":{"start":{"line":21,"column":4},"end":{"line":21,"column":17}},"11":{"start":{"line":23,"column":0},"end":{"line":23,"column":54}}},"fnMap":{"0":{"name":"isEmpty","decl":{"start":{"line":1,"column":9},"end":{"line":1,"column":16}},"loc":{"start":{"line":1,"column":21},"end":{"line":4,"column":1}},"line":1},"1":{"name":"isInt","decl":{"start":{"line":6,"column":9},"end":{"line":6,"column":14}},"loc":{"start":{"line":6,"column":19},"end":{"line":12,"column":1}},"line":6},"2":{"name":"isSmallPositiveInt","decl":{"start":{"line":14,"column":9},"end":{"line":14,"column":27}},"loc":{"start":{"line":14,"column":32},"end":{"line":22,"column":1}},"line":14}},"branchMap":{"0":{"loc":{"start":{"line":7,"column":4},"end":{"line":10,"column":5}},"type":"if","locations":[{"start":{"line":7,"column":4},"end":{"line":10,"column":5}},{"start":{},"end":{}}],"line":7},"1":{"loc":{"start":{"line":15,"column":4},"end":{"line":20,"column":5}},"type":"if","locations":[{"start":{"line":15,"column":4},"end":{"line":20,"column":5}},{"start":{},"end":{}}],"line":15},"2":{"loc":{"start":{"line":15,"column":7},"end":{"line":15,"column":34}},"type":"binary-expr","locations":[{"start":{"line":15,"column":7},"end":{"line":15,"column":20}},{"start":{"line":15,"column":24},"end":{"line":15,"column":34}}],"line":15},"3":{"loc":{"start":{"line":17,"column":8},"end":{"line":19,"column":9}},"type":"if","locations":[{"start":{"line":17,"column":8},"end":{"line":19,"column":9}},{"start":{},"end":{}}],"line":17},"4":{"loc":{"start":{"line":17,"column":11},"end":{"line":17,"column":28}},"type":"binary-expr","locations":[{"start":{"line":17,"column":11},"end":{"line":17,"column":17}},{"start":{"line":17,"column":21},"end":{"line":17,"column":28}}],"line":17}},"s":{"0":33,"1":33,"2":15,"3":14,"4":14,"5":1,"6":10,"7":8,"8":8,"9":4,"10":6,"11":2},"f":{"0":33,"1":15,"2":10},"b":{"0":[14,1],"1":[8,2],"2":[10,9],"3":[4,4],"4":[8,6]},"_coverageSchema":"1a1c01bbd47fc00a2c39e90264f33305004495a9","hash":"761e07f07171b05205bb414c5239705e20f52f6c"}
}
