TN:
SF:factorielle.js
FN:1,factorielle
FNF:1
FNH:1
FNDA:30,factorielle
DA:2,30
DA:3,9
DA:5,21
DA:8,2
LF:4
LH:4
BRDA:2,0,0,9
BRDA:2,0,1,21
BRDA:2,1,0,30
BRDA:2,1,1,30
BRF:4
BRH:4
end_of_record
TN:
SF:stringcheck.js
FN:1,isEmpty
FN:6,isInt
FN:14,isSmallPositiveInt
FNF:3
FNH:3
FNDA:33,isEmpty
FNDA:15,isInt
FNDA:10,isSmallPositiveInt
DA:2,33
DA:3,33
DA:7,15
DA:8,14
DA:9,14
DA:11,1
DA:15,10
DA:16,8
DA:17,8
DA:18,4
DA:21,6
DA:23,2
LF:12
LH:12
BRDA:7,0,0,14
BRDA:7,0,1,1
BRDA:15,1,0,8
BRDA:15,1,1,2
BRDA:15,2,0,10
BRDA:15,2,1,9
BRDA:17,3,0,4
BRDA:17,3,1,4
BRDA:17,4,0,8
BRDA:17,4,1,6
BRF:10
BRH:10
end_of_record
